0 info it worked if it ends with ok
1 verbose cli [ 'C:\\Program Files\\nodejs\\node.exe',
1 verbose cli   'C:\\Program Files\\nodejs\\node_modules\\npm\\bin\\npm-cli.js',
1 verbose cli   'publish' ]
2 info using npm@3.10.10
3 info using node@v6.11.3
4 verbose publish [ '.' ]
5 silly cache add args [ '.', null ]
6 verbose cache add spec .
7 silly cache add parsed spec Result {
7 silly cache add   raw: '.',
7 silly cache add   scope: null,
7 silly cache add   escapedName: null,
7 silly cache add   name: null,
7 silly cache add   rawSpec: '.',
7 silly cache add   spec: 'E:\\new\\product\\node-inno',
7 silly cache add   type: 'directory' }
8 verbose addLocalDirectory C:\Users\lw\AppData\Roaming\npm-cache\node-inno\1.0.1\package.tgz not in flight; packing
9 verbose correctMkdir C:\Users\lw\AppData\Roaming\npm-cache correctMkdir not in flight; initializing
10 info lifecycle node-inno@1.0.1~prepublish: node-inno@1.0.1
11 silly lifecycle node-inno@1.0.1~prepublish: no script for prepublish, continuing
12 verbose tar pack [ 'C:\\Users\\lw\\AppData\\Roaming\\npm-cache\\node-inno\\1.0.1\\package.tgz',
12 verbose tar pack   'E:\\new\\product\\node-inno' ]
13 verbose tarball C:\Users\lw\AppData\Roaming\npm-cache\node-inno\1.0.1\package.tgz
14 verbose folder E:\new\product\node-inno
15 verbose addLocalTarball adding from inside cache C:\Users\lw\AppData\Roaming\npm-cache\node-inno\1.0.1\package.tgz
16 verbose correctMkdir C:\Users\lw\AppData\Roaming\npm-cache correctMkdir not in flight; initializing
17 silly cache afterAdd node-inno@1.0.1
18 verbose afterAdd C:\Users\lw\AppData\Roaming\npm-cache\node-inno\1.0.1\package\package.json not in flight; writing
19 verbose correctMkdir C:\Users\lw\AppData\Roaming\npm-cache correctMkdir not in flight; initializing
20 verbose afterAdd C:\Users\lw\AppData\Roaming\npm-cache\node-inno\1.0.1\package\package.json written
21 silly publish { name: 'node-inno',
21 silly publish   version: '1.0.1',
21 silly publish   description: '一个基于innosetup的 nodejs自动化打包工具，通过json配置，可灵活定制安装界面和安装流程，为nwjs、electron或者其他应用进行exe的打包。',
21 silly publish   main: 'src/index.js',
21 silly publish   dependencies:
21 silly publish    { 'art-template': '^4.12.2',
21 silly publish      extend: '^3.0.1',
21 silly publish      'fs-extra': '^5.0.0',
21 silly publish      'iconv-lite': '^0.4.19' },
21 silly publish   devDependencies: { '@types/node': '^8.0.51' },
21 silly publish   scripts: { test: 'echo "Error: no test specified" && exit 1' },
21 silly publish   repository:
21 silly publish    { type: 'git',
21 silly publish      url: 'git+https://github.com/1inus/node-inno.git' },
21 silly publish   author: '',
21 silly publish   license: 'ISC',
21 silly publish   bugs: { url: 'https://github.com/1inus/node-inno/issues' },
21 silly publish   homepage: 'https://github.com/1inus/node-inno#readme',
21 silly publish   readme: '一个基于innosetup的 nodejs自动化打包工具，通过json配置，可灵活定制安装界面和安装流程，为nwjs、electron或者其他应用进行exe的打包。\r\n\r\n# screenshot\r\n![screenshot](https://raw.githubusercontent.com/1inus/node-inno/master/screenshot.png)\r\n\r\n# how to use\r\n\r\n## create build directory\r\n\r\nCreate the build directory in the root directory.\r\n\r\n``` js\r\n|-xxx\r\n|-build\r\n  |-inno-resource //non-essential. pictures of the installation package\r\n  | |-bg.png\r\n  | |-...\r\n  |\r\n  |-build.json\r\n\r\n```\r\n\r\n## config build.json\r\n\r\n```json\r\n{\r\n\t"installDetail": {\r\n\t\t"createShortcut": true,\r\n\t\t"startupOnFinish": true,\r\n\t\t"startupOnBootstrap": true,\r\n\t\t"agreeLicense": true,\r\n\t\t"installPath": "",\r\n\t\t"checkUninstallBeforeInstall":true,\r\n\t\t"requireUninstallBeforeInstall":false,\r\n\t\t"defaultInstallDir": "C:\\\\Program Files (x86)\\\\node-inno",\r\n\t\t"installerOutputDir": "C:/Users/cnlia/Desktop"\r\n\t},\r\n\t"app": {\r\n\t\t"id": "TakeColor 1.0.0",\r\n\t\t"name": "TakeColor",\r\n\t\t"version": "",\r\n\t\t"publisher": "maker",\r\n\t\t"mainPage": "",\r\n\t\t"comments": "myapp_installer",\r\n\t\t"exe": "build/app/TakeColor.exe",\r\n\t\t"package": "build/app/*"\r\n\t},\r\n\t"registry": [{\r\n\t\t"root": "HKCR",\r\n\t\t"subkey": "test\\\\DefaultIcon",\r\n\t\t"type": "string",\r\n\t\t"name": "URL Qiaoker Protocol",\r\n\t\t"value": "{app}\\\\test.exe",\r\n\t\t"flags": "CreateValueIfDoesntExist"\r\n\t}],\r\n\t"ui": {\r\n\t\t"encoding": "gbk",\r\n\t\t"fontName": "Microsoft YaHei",\r\n\t\t"clientWidth": 800,\r\n\t\t"clientHeight": 500,\r\n\t\t"checkboxSize":16,\r\n\t\t"uninstallMsgbox": {\r\n\t\t\t"text": "检测到已经安装xxxxx，安装前是否卸载HTML DOM confirm()",\r\n\t\t\t"color":"000000",\r\n\t\t\t"fontSize":16,\r\n\t\t\t"width":520,\r\n\t\t\t"height":430,\r\n\r\n\t\t\t"textTop":249,\r\n\t\t\t"textLeft":65,\r\n\t\t\t"textWidth":400,\r\n\t\t\t"textHeight":60,\r\n\r\n\t\t\t"btnOkTop":318,\r\n\t\t\t"btnOkLeft":275,\r\n\t\t\t"btnOkWidth":160,\r\n\t\t\t"btnOkHeight":60,\r\n\r\n\t\t\t"btnCancelTop":318,\r\n\t\t\t"btnCancelLeft":85,\r\n\t\t\t"btnCancelWidth":160,\r\n\t\t\t"btnCancelHeight":60\r\n\t\t},\r\n\t\t"checkTaskMsgbox": {\r\n\t\t\t"text": "检测到xxx正在运行，是否结束任务",\r\n\t\t\t"color":"000000",\r\n\t\t\t"fontSize":16,\r\n\t\t\t"width":520,\r\n\t\t\t"height":430,\r\n\r\n\t\t\t"textTop":249,\r\n\t\t\t"textLeft":65,\r\n\t\t\t"textWidth":400,\r\n\t\t\t"textHeight":60,\r\n\r\n\t\t\t"btnOkTop":318,\r\n\t\t\t"btnOkLeft":275,\r\n\t\t\t"btnOkWidth":160,\r\n\t\t\t"btnOkHeight":60,\r\n\r\n\t\t\t"btnCancelTop":318,\r\n\t\t\t"btnCancelLeft":85,\r\n\t\t\t"btnCancelWidth":160,\r\n\t\t\t"btnCancelHeight":60\r\n\t\t},\r\n\t\t"htmlAdBar": {\r\n\t\t\t"top": 0,\r\n\t\t\t"left": 0,\r\n\t\t\t"width": 800,\r\n\t\t\t"height": 350,\r\n\t\t\t"show": false\r\n\t\t},\r\n\t\t"simpleAdBar": {\r\n\t\t\t"images": [],\r\n\t\t\t"interval": 5000,\r\n\t\t\t"top": 0,\r\n\t\t\t"left": 0,\r\n\t\t\t"width": 800,\r\n\t\t\t"height": 350,\r\n\t\t\t"timeInterval": 3000,\r\n\t\t\t"show": true\r\n\t\t},\r\n\t\t"licenseText": {\r\n\t\t\t"text": "许可协议",\r\n\t\t\t"top": 482,\r\n\t\t\t"left": 172,\r\n\t\t\t"color": "FF8833",\r\n\t\t\t"show": true\r\n\t\t},\r\n\t\t"moreOptions": {\r\n\t\t\t"text": "更多安装选项",\r\n\t\t\t"top": 12,\r\n\t\t\t"left": 12,\r\n\t\t\t"show": true,\r\n\t\t\t"color": "000000"\r\n\t\t},\r\n\t\t"licenseCheckbox": {\r\n\t\t\t"text": "已经阅读",\r\n\t\t\t"top": 478,\r\n\t\t\t"left": 91,\r\n\t\t\t"checked": true,\r\n\t\t\t"show": true,\r\n\t\t\t"color": "000000"\r\n\t\t},\r\n\t\t"createShortcutCheckbox": {\r\n\t\t\t"text": "创建桌面快捷方式",\r\n\t\t\t"top": 478,\r\n\t\t\t"left": 465,\r\n\t\t\t"checked": true,\r\n\t\t\t"show": true,\r\n\t\t\t"color": "000000"\r\n\t\t},\r\n\t\t"startupOnFinishCheckbox": {\r\n\t\t\t"text": "立即运行程序",\r\n\t\t\t"top": 478,\r\n\t\t\t"left": 352,\r\n\t\t\t"checked": true,\r\n\t\t\t"show": true,\r\n\t\t\t"color": "000000"\r\n\t\t},\r\n\t\t"startupOnBootstrapCheckbox": {\r\n\t\t\t"text": "开机启动",\r\n\t\t\t"top": 478,\r\n\t\t\t"left": 253,\r\n\t\t\t"checked": true,\r\n\t\t\t"show": true,\r\n\t\t\t"color": "000000"\r\n\t\t},\r\n\t\t"installDirInput": {\r\n\t\t\t"top": 429,\r\n\t\t\t"left": 154,\r\n\t\t\t"height": 35,\r\n\t\t\t"width": 400,\r\n\t\t\t"color": "000000",\r\n\t\t\t"show": true,\r\n\t\t\t"fontSize":14,\r\n\t\t\t"enabled":false\r\n\t\t},\r\n\t\t"installDirBrowserButton": {\r\n\t\t\t"top": 429,\r\n\t\t\t"left": 553,\r\n\t\t\t"height": 35,\r\n\t\t\t"width": 80,\r\n\t\t\t"show": true\r\n\t\t},\r\n\t\t"cancleInstallMsgbox": {\r\n\t\t\t"text": "确定取消安装吗？",\r\n\t\t\t"show": true\r\n\t\t},\r\n\t\t"progressBar": {\r\n\t\t\t"top": 435,\r\n\t\t\t"left": 50,\r\n\t\t\t"width": 700,\r\n\t\t\t"height": 20,\r\n\t\t\t"show": true\r\n\t\t},\r\n\t\t"progressText": {\r\n\t\t\t"top": 390,\r\n\t\t\t"left": 0,\r\n\t\t\t"width": 800,\r\n\t\t\t"height": 30,\r\n\t\t\t"color": "E78E0E",\r\n\t\t\t"show": true\r\n\t\t},\r\n\t\t"installButton": {\r\n\t\t\t"top": 365,\r\n\t\t\t"left": 274,\r\n\t\t\t"width": 230,\r\n\t\t\t"height": 50,\r\n\t\t\t"show": true\r\n\t\t},\r\n\t\t"finishText": {\r\n\t\t\t"text": "安装完毕",\r\n\t\t\t"top": 385,\r\n\t\t\t"left": 0,\r\n\t\t\t"width": 800,\r\n\t\t\t"height": 30,\r\n\t\t\t"color": "20ad11",\r\n\t\t\t"show": true\r\n\t\t},\r\n\t\t"finishButton": {\r\n\t\t\t"top": 428,\r\n\t\t\t"left": 275,\r\n\t\t\t"width": 250,\r\n\t\t\t"height": 50,\r\n\t\t\t"show": true\r\n\t\t},\r\n\t\t"minimizeButton": {\r\n\t\t\t"top": 4,\r\n\t\t\t"left": 755,\r\n\t\t\t"width": 16,\r\n\t\t\t"height": 16,\r\n\t\t\t"show": true\r\n\t\t},\r\n\t\t"closeButton": {\r\n\t\t\t"top": 4,\r\n\t\t\t"left": 779,\r\n\t\t\t"width": 16,\r\n\t\t\t"height": 16,\r\n\t\t\t"show": true\r\n\t\t}\r\n\t}\r\n}\r\n```\r\n\r\n## build\r\n\r\n```javascript\r\nlet { NodeInno } = require("node-inno");\r\nNodeInno.build(config, (code)=>{\r\n\t\r\n});\r\n```\r\n\r\nFor more details, please refer to the demo under the source directory.',
21 silly publish   readmeFilename: 'readme.md',
21 silly publish   gitHead: '9ed89a004e70842037f2d1b940ae762c389c8d0d',
21 silly publish   _id: 'node-inno@1.0.1',
21 silly publish   _shasum: '26639a3ba2baec4653609aa8282f64652412d107',
21 silly publish   _from: '.' }
22 verbose getPublishConfig undefined
23 silly mapToRegistry name node-inno
24 silly mapToRegistry using default registry
25 silly mapToRegistry registry https://registry.npmjs.org/
26 silly mapToRegistry data Result {
26 silly mapToRegistry   raw: 'node-inno',
26 silly mapToRegistry   scope: null,
26 silly mapToRegistry   escapedName: 'node-inno',
26 silly mapToRegistry   name: 'node-inno',
26 silly mapToRegistry   rawSpec: '',
26 silly mapToRegistry   spec: 'latest',
26 silly mapToRegistry   type: 'tag' }
27 silly mapToRegistry uri https://registry.npmjs.org/node-inno
28 verbose publish registryBase https://registry.npmjs.org/
29 silly publish uploading C:\Users\lw\AppData\Roaming\npm-cache\node-inno\1.0.1\package.tgz
30 verbose request uri https://registry.npmjs.org/node-inno
31 verbose request sending authorization for write operation
32 info attempt registry request try #1 at 15:25:00
33 verbose request using bearer token for auth
34 verbose request id f654725df497d41d
35 http request PUT https://registry.npmjs.org/node-inno
36 http 403 https://registry.npmjs.org/node-inno
37 verbose headers { 'content-type': 'application/json',
37 verbose headers   'cache-control': 'max-age=300',
37 verbose headers   'content-length': '93',
37 verbose headers   'accept-ranges': 'bytes',
37 verbose headers   date: 'Wed, 14 Mar 2018 07:26:31 GMT',
37 verbose headers   via: '1.1 varnish',
37 verbose headers   connection: 'keep-alive',
37 verbose headers   'x-served-by': 'cache-hnd18725-HND',
37 verbose headers   'x-cache': 'MISS',
37 verbose headers   'x-cache-hits': '0',
37 verbose headers   'x-timer': 'S1521012366.886574,VS0,VE25586',
37 verbose headers   vary: 'Accept-Encoding, Accept' }
38 verbose request invalidating C:\Users\lw\AppData\Roaming\npm-cache\registry.npmjs.org\node-inno on PUT
39 error publish Failed PUT 403
40 verbose stack Error: You cannot publish over the previously published versions: 1.0.1. : node-inno
40 verbose stack     at makeError (C:\Program Files\nodejs\node_modules\npm\node_modules\npm-registry-client\lib\request.js:302:12)
40 verbose stack     at CachingRegistryClient.<anonymous> (C:\Program Files\nodejs\node_modules\npm\node_modules\npm-registry-client\lib\request.js:290:14)
40 verbose stack     at Request._callback (C:\Program Files\nodejs\node_modules\npm\node_modules\npm-registry-client\lib\request.js:210:14)
40 verbose stack     at Request.self.callback (C:\Program Files\nodejs\node_modules\npm\node_modules\request\request.js:187:22)
40 verbose stack     at emitTwo (events.js:106:13)
40 verbose stack     at Request.emit (events.js:191:7)
40 verbose stack     at Request.<anonymous> (C:\Program Files\nodejs\node_modules\npm\node_modules\request\request.js:1048:10)
40 verbose stack     at emitOne (events.js:96:13)
40 verbose stack     at Request.emit (events.js:188:7)
40 verbose stack     at IncomingMessage.<anonymous> (C:\Program Files\nodejs\node_modules\npm\node_modules\request\request.js:969:12)
41 verbose statusCode 403
42 verbose pkgid node-inno
43 verbose cwd E:\new\product\node-inno
44 error Windows_NT 10.0.10240
45 error argv "C:\\Program Files\\nodejs\\node.exe" "C:\\Program Files\\nodejs\\node_modules\\npm\\bin\\npm-cli.js" "publish"
46 error node v6.11.3
47 error npm  v3.10.10
48 error code E403
49 error You cannot publish over the previously published versions: 1.0.1. : node-inno
50 error If you need help, you may report this error at:
50 error     <https://github.com/npm/npm/issues>
51 verbose exit [ 1, true ]
